<?xml version="1.0" encoding="UTF-8"?>
<testsuite name="ShipmentTest" tests="1" skipped="0" failures="0" errors="0" timestamp="2022-05-26T05:45:02" hostname="DESKTOP-1GIRFS4" time="0.045">
  <properties/>
  <testcase name="addUpdate()" classname="ShipmentTest" time="0.045"/>
  <system-out><![CDATA[]]></system-out>
  <system-err><![CDATA[]]></system-err>
</testsuite>
